<?xml version="1.0" encoding="UTF-8" ?>
<testsuites>
  <testsuite failures="0" hostname="CTXVDI-QATEST4" id="0" name="Provar-Copado in Docker/tests" package="" skipped="0" tests="2" time="273.295" timestamp="Tue Aug 02 18:40:25 CAT 2022">
	    <properties>
		      <property name="excludeCallableTestCases" value="true" />

		      <property name="testEnvironment" value="" />

		      <property name="pluginOutputLevel" value="WARNING" />

		      <property name="projectPath" value=".." />

		      <property name="salesforceMetadataCache" value="Reuse" />

		      <property name="resultsPathDisposition" value="Increment" />

		      <property name="testOutputLevel" value="INFO" />

		      <property name="webBrowserType" value="Chrome" />

		      <property name="resultsPath" value="../ANT/Results" />

		      <property name="webBrowserConfiguration" value="Full Screen" />

		      <property name="projectCachePath" value="C:\Provar-Copado in Docker\ANT\..\.provarCaches" />

	    </properties>

	    <testcase classname="tests/CreateAccount.testcase" name="CreateAccount.testcase" time="188.692">
	</testcase>

	    <testcase classname="tests/CreateCase.testcase" name="CreateCase.testcase" time="71.916">
	</testcase>

  </testsuite>
</testsuites>
